<File>
  <FileName>FrontendApplication.cpp</FileName>
  <FileType>8</FileType>
  <FilePath>../../gui/src/common/frontendapplication.cpp</FilePath>
</File>
<File>
  <FileName>LogoScreenPresenter.cpp</FileName>
  <FileType>8</FileType>
  <FilePath>../../gui/src/logoscreen_screen/logoscreenpresenter.cpp</FilePath>
</File>
<File>
  <FileName>LogoScreenView.cpp</FileName>
  <FileType>8</FileType>
  <FilePath>../../gui/src/logoscreen_screen/logoscreenview.cpp</FilePath>
</File>
<File>
  <FileName>Model.cpp</FileName>
  <FileType>8</FileType>
  <FilePath>../../gui/src/model/model.cpp</FilePath>
</File>
<File>
  <FileName>TestButtonPresenter.cpp</FileName>
  <FileType>8</FileType>
  <FilePath>../../gui/src/testbutton_screen/testbuttonpresenter.cpp</FilePath>
</File>
<File>
  <FileName>TestButtonView.cpp</FileName>
  <FileType>8</FileType>
  <FilePath>../../gui/src/testbutton_screen/testbuttonview.cpp</FilePath>
</File>
<File>
  <FileName>ApplicationFontProvider.cpp</FileName>
  <FileType>8</FileType>
  <FilePath>../../generated/fonts/src/applicationfontprovider.cpp</FilePath>
</File>
<File>
  <FileName>BitmapDatabase.cpp</FileName>
  <FileType>8</FileType>
  <FilePath>../../generated/images/src/bitmapdatabase.cpp</FilePath>
</File>
<File>
  <FileName>down-press.cpp</FileName>
  <FileType>8</FileType>
  <FilePath>../../generated/images/src/down-press.cpp</FilePath>
</File>
<File>
  <FileName>Font_verdana_10_4bpp.cpp</FileName>
  <FileType>8</FileType>
  <FilePath>../../generated/fonts/src/font_verdana_10_4bpp.cpp</FilePath>
</File>
<File>
  <FileName>Font_verdana_40_4bpp.cpp</FileName>
  <FileType>8</FileType>
  <FilePath>../../generated/fonts/src/font_verdana_40_4bpp.cpp</FilePath>
</File>
<File>
  <FileName>Font_verdana_80_4bpp.cpp</FileName>
  <FileType>8</FileType>
  <FilePath>../../generated/fonts/src/font_verdana_80_4bpp.cpp</FilePath>
</File>
<File>
  <FileName>FontGetters.cpp</FileName>
  <FileType>8</FileType>
  <FilePath>../../generated/fonts/src/fontgetters.cpp</FilePath>
</File>
<File>
  <FileName>FrontendApplicationBase.cpp</FileName>
  <FileType>8</FileType>
  <FilePath>../../generated/gui_generated/src/common/frontendapplicationbase.cpp</FilePath>
</File>
<File>
  <FileName>Kerning_verdana_10_4bpp.cpp</FileName>
  <FileType>8</FileType>
  <FilePath>../../generated/fonts/src/kerning_verdana_10_4bpp.cpp</FilePath>
</File>
<File>
  <FileName>Kerning_verdana_40_4bpp.cpp</FileName>
  <FileType>8</FileType>
  <FilePath>../../generated/fonts/src/kerning_verdana_40_4bpp.cpp</FilePath>
</File>
<File>
  <FileName>Kerning_verdana_80_4bpp.cpp</FileName>
  <FileType>8</FileType>
  <FilePath>../../generated/fonts/src/kerning_verdana_80_4bpp.cpp</FilePath>
</File>
<File>
  <FileName>LanguageGb.cpp</FileName>
  <FileType>8</FileType>
  <FilePath>../../generated/texts/src/languagegb.cpp</FilePath>
</File>
<File>
  <FileName>LogoScreenViewBase.cpp</FileName>
  <FileType>8</FileType>
  <FilePath>../../generated/gui_generated/src/logoscreen_screen/logoscreenviewbase.cpp</FilePath>
</File>
<File>
  <FileName>stm32f469_logo.cpp</FileName>
  <FileType>8</FileType>
  <FilePath>../../generated/images/src/stm32f469_logo.cpp</FilePath>
</File>
<File>
  <FileName>Table_verdana_10_4bpp.cpp</FileName>
  <FileType>8</FileType>
  <FilePath>../../generated/fonts/src/table_verdana_10_4bpp.cpp</FilePath>
</File>
<File>
  <FileName>Table_verdana_40_4bpp.cpp</FileName>
  <FileType>8</FileType>
  <FilePath>../../generated/fonts/src/table_verdana_40_4bpp.cpp</FilePath>
</File>
<File>
  <FileName>Table_verdana_80_4bpp.cpp</FileName>
  <FileType>8</FileType>
  <FilePath>../../generated/fonts/src/table_verdana_80_4bpp.cpp</FilePath>
</File>
<File>
  <FileName>TestButtonViewBase.cpp</FileName>
  <FileType>8</FileType>
  <FilePath>../../generated/gui_generated/src/testbutton_screen/testbuttonviewbase.cpp</FilePath>
</File>
<File>
  <FileName>Texts.cpp</FileName>
  <FileType>8</FileType>
  <FilePath>../../generated/texts/src/texts.cpp</FilePath>
</File>
<File>
  <FileName>TypedTextDatabase.cpp</FileName>
  <FileType>8</FileType>
  <FilePath>../../generated/texts/src/typedtextdatabase.cpp</FilePath>
</File>
<File>
  <FileName>up-press.cpp</FileName>
  <FileType>8</FileType>
  <FilePath>../../generated/images/src/up-press.cpp</FilePath>
</File>
